<?xml version="1.0" encoding="utf-8"?><testsuites name="pytest tests"><testsuite name="pytest" errors="0" failures="0" skipped="0" tests="14" time="85.672" timestamp="2026-08-23T21:35:01.133277+02:00" hostname="SBASAVANAP3-NB"><testcase classname="tests.steps.test_cart" name="test_the_cart_lists_each_product_with_its_details" time="6.393" /><testcase classname="tests.steps.test_cart" name="test_a_product_can_be_removed_from_the_cart" time="5.526" /><testcase classname="tests.steps.test_cart" name="test_the_customer_can_go_back_to_shopping" time="5.488" /><testcase classname="tests.steps.test_cart" name="test_the_customer_can_proceed_to_checkout" time="5.661" /><testcase classname="tests.steps.test_checkout" name="test_every_shipping_field_is_required[-Lovelace-SW1A 1AA-First Name is required]" time="6.287" /><testcase classname="tests.steps.test_checkout" name="test_every_shipping_field_is_required[Ada--SW1A 1AA-Last Name is required]" time="5.531" /><testcase classname="tests.steps.test_checkout" name="test_every_shipping_field_is_required[Ada-Lovelace--Postal Code is required]" time="5.873" /><testcase classname="tests.steps.test_checkout" name="test_the_order_overview_reconciles_the_totals" time="6.659" /><testcase classname="tests.steps.test_checkout" name="test_a_completed_order_is_confirmed" time="5.871" /><testcase classname="tests.steps.test_checkout" name="test_checkout_can_be_cancelled_back_to_the_cart" time="6.305" /><testcase classname="tests.steps.test_inventory" name="test_the_catalogue_shows_every_product_with_its_details" time="6.730" /><testcase classname="tests.steps.test_inventory" name="test_the_products_can_be_sorted[Name (A to Z)-name-ascending]" time="6.515" /><testcase classname="tests.steps.test_inventory" name="test_the_products_can_be_sorted[Name (Z to A)-name-descending]" time="6.597" /><testcase classname="tests.steps.test_inventory" name="test_the_products_can_be_sorted[Price (low to high)-price-ascending]" time="6.065" /></testsuite></testsuites>