<?xml version="1.0" encoding="utf-8"?><testsuites name="pytest tests"><testsuite name="pytest" errors="0" failures="0" skipped="1" tests="17" time="85.680" timestamp="2026-08-23T21:36:34.452355+02:00" hostname="SBASAVANAP3-NB"><testcase classname="tests.steps.test_inventory" name="test_the_products_can_be_sorted[Price (high to low)-price-descending]" time="5.645" /><testcase classname="tests.steps.test_inventory" name="test_adding_a_product_updates_the_cart_badge" time="5.168" /><testcase classname="tests.steps.test_inventory" name="test_a_product_can_be_removed_again_from_the_catalogue" time="5.198" /><testcase classname="tests.steps.test_inventory" name="test_the_cart_keeps_its_contents_while_the_customer_keeps_browsing" time="5.413" /><testcase classname="tests.steps.test_login" name="test_a_customer_with_valid_credentials_reaches_the_products" time="4.931" /><testcase classname="tests.steps.test_login" name="test_wrong_credentials_are_refused" time="4.881" /><testcase classname="tests.steps.test_login" name="test_a_lockedout_account_is_refused_with_a_specific_message" time="4.816" /><testcase classname="tests.steps.test_login" name="test_missing_credentials_are_reported[-anything-Username is required]" time="4.763" /><testcase classname="tests.steps.test_login" name="test_missing_credentials_are_reported[standard_user--Password is required]" time="4.897" /><testcase classname="tests.steps.test_login" name="test_every_active_account_type_can_sign_in[standard]" time="4.814" /><testcase classname="tests.steps.test_login" name="test_every_active_account_type_can_sign_in[problem]" time="4.827" /><testcase classname="tests.steps.test_login" name="test_every_active_account_type_can_sign_in[error]" time="4.936" /><testcase classname="tests.steps.test_login" name="test_every_active_account_type_can_sign_in[visual]" time="4.831" /><testcase classname="tests.steps.test_login" name="test_an_account_with_slow_responses_can_still_sign_in" time="9.919" /><testcase classname="tests.steps.test_platform_divergence" name="test_signing_in_by_pressing_enter_on_a_physical_keyboard" time="4.781" /><testcase classname="tests.steps.test_platform_divergence" name="test_swiping_through_the_catalogue_on_a_touch_screen" time="0.000"><skipped type="pytest.skip" message="platform 'web' lacks capability: swipe">C:\Users\SBasavanapura\PROJECTS\personal\qa-architect-assignment\qa-architect-assignment\.venv\Lib\site-packages\pytest_bdd\scenario.py:296: platform 'web' lacks capability: swipe</skipped></testcase><testcase classname="tests.steps.test_purchase_journey" name="test_a_customer_buys_a_backpack_end_to_end" time="5.663" /></testsuite></testsuites>