<?xml version="1.0" encoding="utf-8"?><testsuites name="pytest tests"><testsuite name="pytest" errors="0" failures="0" skipped="0" tests="7" time="13.028" timestamp="2026-08-23T19:41:54.766547+00:00" hostname="dcc4c24b979d"><testcase classname="tests.steps.test_cart" name="test_the_cart_lists_each_product_with_its_details" time="3.255" /><testcase classname="tests.steps.test_checkout" name="test_a_completed_order_is_confirmed" time="3.952" /><testcase classname="tests.steps.test_checkout" name="test_the_order_overview_reconciles_the_totals" time="3.343" /><testcase classname="tests.steps.test_inventory" name="test_the_catalogue_shows_every_product_with_its_details" time="4.163" /><testcase classname="tests.steps.test_inventory" name="test_adding_a_product_updates_the_cart_badge" time="1.760" /><testcase classname="tests.steps.test_login" name="test_a_customer_with_valid_credentials_reaches_the_products" time="1.387" /><testcase classname="tests.steps.test_purchase_journey" name="test_a_customer_buys_a_backpack_end_to_end" time="2.648" /></testsuite></testsuites>