<?xml version="1.0" encoding="utf-8"?><testsuites name="pytest tests"><testsuite name="pytest" errors="0" failures="0" skipped="0" tests="156" time="101.834" timestamp="2026-08-23T21:39:39.012727+02:00" hostname="SBASAVANAP3-NB"><testcase classname="tests.framework.integration.test_screenplay" name="test_login_lands_on_the_products" time="5.163" /><testcase classname="tests.framework.integration.test_screenplay" name="test_locked_out_persona_is_refused" time="4.850" /><testcase classname="tests.framework.integration.test_screenplay" name="test_keyboard_submission_is_capability_gated" time="4.698" /><testcase classname="tests.framework.integration.test_screenplay" name="test_cart_and_sorting_tasks" time="5.920" /><testcase classname="tests.framework.integration.test_screenplay" name="test_checkout_validation_and_totals" time="6.155" /><testcase classname="tests.framework.integration.test_screenplay" name="test_complete_purchase_is_one_composed_task" time="6.102" /><testcase classname="tests.framework.integration.test_ui_model" name="test_login_page_fields_and_error_banner" time="4.869" /><testcase classname="tests.framework.integration.test_ui_model" name="test_product_cards_are_typed_and_composable" time="5.519" /><testcase classname="tests.framework.integration.test_ui_model" name="test_cart_button_toggles_and_badge_counts" time="5.237" /><testcase classname="tests.framework.integration.test_ui_model" name="test_sort_select_changes_order" time="5.336" /><testcase classname="tests.framework.integration.test_ui_model" name="test_menu_opens_and_closes" time="5.836" /><testcase classname="tests.framework.integration.test_ui_model" name="test_cart_and_checkout_pages" time="5.985" /><testcase classname="tests.framework.integration.test_web_selenium" name="test_starts_navigates_and_finds_by_test_id" time="4.636" /><testcase classname="tests.framework.integration.test_web_selenium" name="test_elements_compose_and_accept_text" time="4.619" /><testcase classname="tests.framework.integration.test_web_selenium" name="test_missing_elements_are_typed_errors" time="4.953" /><testcase classname="tests.framework.integration.test_web_selenium" name="test_unreachable_application_is_a_typed_error[refused]" time="4.269" /><testcase classname="tests.framework.integration.test_web_selenium" name="test_unreachable_application_is_a_typed_error[dns]" time="4.435" /><testcase classname="tests.framework.test_architecture" name="test_automation_libraries_are_only_imported_by_adapters" time="0.126" /><testcase classname="tests.framework.test_architecture" name="test_framework_core_names_no_platform" time="0.035" /><testcase classname="tests.framework.test_architecture" name="test_adding_a_platform_requires_new_files_only" time="0.057" /><testcase classname="tests.framework.test_architecture" name="test_every_registered_platform_ships_its_config_layers" time="0.002" /><testcase classname="tests.framework.test_architecture" name="test_ui_locators_use_known_keys_and_cover_the_implemented_platform" time="0.004" /><testcase classname="tests.framework.test_bdd_tags_and_selection" name="test_tags_become_markers[smoke-suite-args0]" time="0.001" /><testcase classname="tests.framework.test_bdd_tags_and_selection" name="test_tags_become_markers[e2e-suite-args1]" time="0.001" /><testcase classname="tests.framework.test_bdd_tags_and_selection" name="test_tags_become_markers[roku-platform-args2]" time="0.001" /><testcase classname="tests.framework.test_bdd_tags_and_selection" name="test_tags_become_markers[web-platform-args3]" time="0.002" /><testcase classname="tests.framework.test_bdd_tags_and_selection" name="test_tags_become_markers[critical-critical-args4]" time="0.001" /><testcase classname="tests.framework.test_bdd_tags_and_selection" name="test_tags_become_markers[quarantine-quarantine-args5]" time="0.001" /><testcase classname="tests.framework.test_bdd_tags_and_selection" name="test_tags_become_markers[requires:swipe-requires-args6]" time="0.001" /><testcase classname="tests.framework.test_bdd_tags_and_selection" name="test_tags_become_markers[requires:dpad,focus_navigation-requires-args7]" time="0.001" /><testcase classname="tests.framework.test_bdd_tags_and_selection" name="test_tags_become_markers[known_issue:SC-123-known_issue-args8]" time="0.001" /><testcase classname="tests.framework.test_bdd_tags_and_selection" name="test_tags_become_markers[TC-LOGIN-001-tms-args9]" time="0.002" /><testcase classname="tests.framework.test_bdd_tags_and_selection" name="test_tags_become_markers[XRAY-1042-tms-args10]" time="0.001" /><testcase classname="tests.framework.test_bdd_tags_and_selection" name="test_tags_become_markers[CB-55-tms-args11]" time="0.001" /><testcase classname="tests.framework.test_bdd_tags_and_selection" name="test_tags_become_markers[login-feature-args12]" time="0.001" /><testcase classname="tests.framework.test_bdd_tags_and_selection" name="test_tags_become_markers[platform-divergence-feature-args13]" time="0.001" /><testcase classname="tests.framework.test_bdd_tags_and_selection" name="test_platform_mismatch_deselects_and_missing_capability_skips" time="0.266" /><testcase classname="tests.framework.test_bdd_tags_and_selection" name="test_on_a_tv_platform_the_selection_flips" time="0.278" /><testcase classname="tests.framework.test_bdd_tags_and_selection" name="test_suite_and_tms_selection" time="0.696" /><testcase classname="tests.framework.test_bdd_tags_and_selection" name="test_framework_suite_is_never_part_of_the_product_regression" time="0.258" /><testcase classname="tests.framework.test_bdd_tags_and_selection" name="test_unknown_capability_is_a_usage_error" time="0.229" /><testcase classname="tests.framework.test_classification" name="test_exceptions_map_to_categories[exc0-product]" time="0.001" /><testcase classname="tests.framework.test_classification" name="test_exceptions_map_to_categories[exc1-ui-contract]" time="0.001" /><testcase classname="tests.framework.test_classification" name="test_exceptions_map_to_categories[exc2-ui-contract]" time="0.001" /><testcase classname="tests.framework.test_classification" name="test_exceptions_map_to_categories[exc3-ui-contract]" time="0.001" /><testcase classname="tests.framework.test_classification" name="test_exceptions_map_to_categories[exc4-environment]" time="0.001" /><testcase classname="tests.framework.test_classification" name="test_exceptions_map_to_categories[exc5-environment]" time="0.001" /><testcase classname="tests.framework.test_classification" name="test_exceptions_map_to_categories[exc6-environment]" time="0.001" /><testcase classname="tests.framework.test_classification" name="test_exceptions_map_to_categories[exc7-test-defect]" time="0.001" /><testcase classname="tests.framework.test_classification" name="test_exceptions_map_to_categories[exc8-test-defect]" time="0.001" /><testcase classname="tests.framework.test_classification" name="test_exceptions_map_to_categories[exc9-test-defect]" time="0.001" /><testcase classname="tests.framework.test_classification" name="test_exceptions_map_to_categories[exc10-test-defect]" time="0.001" /><testcase classname="tests.framework.test_classification" name="test_a_tracked_known_issue_wins_over_the_exception_type" time="0.001" /><testcase classname="tests.framework.test_classification" name="test_retry_policy_is_derived_from_categories" time="0.001" /><testcase classname="tests.framework.test_config" name="test_layers_apply_in_order" time="0.045" /><testcase classname="tests.framework.test_config" name="test_target_layer_overrides_base" time="0.048" /><testcase classname="tests.framework.test_config" name="test_environment_beats_yaml_and_cli_beats_environment" time="0.049" /><testcase classname="tests.framework.test_config" name="test_empty_environment_variables_mean_not_set" time="0.034" /><testcase classname="tests.framework.test_config" name="test_selectors_come_from_environment_when_not_on_cli" time="0.033" /><testcase classname="tests.framework.test_config" name="test_secrets_only_from_environment" time="0.035" /><testcase classname="tests.framework.test_config" name="test_missing_target_lists_available" time="0.022" /><testcase classname="tests.framework.test_config" name="test_unknown_platform_fails_in_phase_one" time="0.023" /><testcase classname="tests.framework.test_config" name="test_unknown_key_in_yaml_is_rejected" time="0.042" /><testcase classname="tests.framework.test_config" name="test_selectors_inside_layer_files_are_rejected" time="0.034" /><testcase classname="tests.framework.test_config" name="test_shipped_config_tree_is_valid_for_every_platform[android]" time="0.018" /><testcase classname="tests.framework.test_config" name="test_shipped_config_tree_is_valid_for_every_platform[appletv]" time="0.017" /><testcase classname="tests.framework.test_config" name="test_shipped_config_tree_is_valid_for_every_platform[firetv]" time="0.017" /><testcase classname="tests.framework.test_config" name="test_shipped_config_tree_is_valid_for_every_platform[ios]" time="0.015" /><testcase classname="tests.framework.test_config" name="test_shipped_config_tree_is_valid_for_every_platform[roku]" time="0.020" /><testcase classname="tests.framework.test_config" name="test_shipped_config_tree_is_valid_for_every_platform[web]" time="0.018" /><testcase classname="tests.framework.test_config" name="test_deep_merge_replaces_lists_and_merges_dicts" time="0.004" /><testcase classname="tests.framework.test_config" name="test_the_browser_is_part_of_the_target" time="0.052" /><testcase classname="tests.framework.test_driver_registry" name="test_register_and_create" time="0.004" /><testcase classname="tests.framework.test_driver_registry" name="test_lookup_by_name_and_alias" time="0.001" /><testcase classname="tests.framework.test_driver_registry" name="test_unknown_platform_names_the_fix" time="0.001" /><testcase classname="tests.framework.test_driver_registry" name="test_one_adapter_can_serve_several_platforms" time="0.004" /><testcase classname="tests.framework.test_driver_registry" name="test_driver_refuses_a_platform_it_does_not_serve" time="0.004" /><testcase classname="tests.framework.test_driver_registry" name="test_duplicate_registration_is_rejected" time="0.001" /><testcase classname="tests.framework.test_driver_registry" name="test_capability_negotiation" time="0.003" /><testcase classname="tests.framework.test_driver_registry" name="test_declared_but_unimplemented_capability_fails_loudly" time="0.004" /><testcase classname="tests.framework.test_focus" name="test_moves_diagonally_with_the_minimum_presses" time="0.001" /><testcase classname="tests.framework.test_focus" name="test_already_focused_needs_no_presses" time="0.001" /><testcase classname="tests.framework.test_focus" name="test_unfocused_screen_is_nudged_first" time="0.001" /><testcase classname="tests.framework.test_focus" name="test_target_that_moves_is_re_read_each_step" time="0.001" /><testcase classname="tests.framework.test_focus" name="test_unreachable_target_fails_with_a_typed_error" time="0.001" /><testcase classname="tests.framework.test_guardrails" name="test_time_sleep_is_a_lint_error_in_page_and_test_code" time="0.511" /><testcase classname="tests.framework.test_guardrails" name="test_selenium_imports_are_a_lint_error_outside_adapters" time="0.305" /><testcase classname="tests.framework.test_guardrails" name="test_the_real_adapter_layer_is_allowed_to_import_selenium" time="0.274" /><testcase classname="tests.framework.test_guardrails" name="test_layer_contracts_hold" time="0.651" /><testcase classname="tests.framework.test_guardrails" name="test_every_environment_variable_in_ci_and_compose_maps_to_a_setting" time="0.007" /><testcase classname="tests.framework.test_guardrails" name="test_no_credentials_are_committed" time="1.255" /><testcase classname="tests.framework.test_locators" name="test_family_keys_expand_and_platform_keys_win" time="0.001" /><testcase classname="tests.framework.test_locators" name="test_a_platform_that_does_not_exist_yet_is_covered_by_its_family" time="0.001" /><testcase classname="tests.framework.test_locators" name="test_missing_platform_is_a_clear_error" time="0.001" /><testcase classname="tests.framework.test_locators" name="test_test_id_is_a_strategy_that_adapters_resolve_natively" time="0.001" /><testcase classname="tests.framework.test_locators" name="test_any_is_the_fallback_after_platform_and_family" time="0.001" /><testcase classname="tests.framework.test_locators" name="test_definition_is_validated" time="0.001" /><testcase classname="tests.framework.test_locators" name="test_locators_are_value_objects" time="0.001" /><testcase classname="tests.framework.test_platform_and_capabilities" name="test_the_six_streamcart_platforms_are_registered_by_their_adapters" time="0.001" /><testcase classname="tests.framework.test_platform_and_capabilities" name="test_platform_lookup_is_forgiving_about_spelling_and_aliases[roku]" time="0.001" /><testcase classname="tests.framework.test_platform_and_capabilities" name="test_platform_lookup_is_forgiving_about_spelling_and_aliases[ROKU]" time="0.001" /><testcase classname="tests.framework.test_platform_and_capabilities" name="test_platform_lookup_is_forgiving_about_spelling_and_aliases[Fire TV]" time="0.001" /><testcase classname="tests.framework.test_platform_and_capabilities" name="test_platform_lookup_is_forgiving_about_spelling_and_aliases[fire_tv]" time="0.001" /><testcase classname="tests.framework.test_platform_and_capabilities" name="test_platform_lookup_is_forgiving_about_spelling_and_aliases[firetv]" time="0.001" /><testcase classname="tests.framework.test_platform_and_capabilities" name="test_platform_lookup_is_forgiving_about_spelling_and_aliases[apple-tv]" time="0.001" /><testcase classname="tests.framework.test_platform_and_capabilities" name="test_platform_lookup_is_forgiving_about_spelling_and_aliases[tvOS]" time="0.001" /><testcase classname="tests.framework.test_platform_and_capabilities" name="test_platform_lookup_is_forgiving_about_spelling_and_aliases[iPhone]" time="0.001" /><testcase classname="tests.framework.test_platform_and_capabilities" name="test_unknown_platform_lists_registered_ones" time="0.001" /><testcase classname="tests.framework.test_platform_and_capabilities" name="test_platform_names_are_canonical_identifiers" time="0.001" /><testcase classname="tests.framework.test_platform_and_capabilities" name="test_tv_family_has_no_pointer_or_touch" time="0.001" /><testcase classname="tests.framework.test_platform_and_capabilities" name="test_web_family_can_hover_but_not_swipe" time="0.001" /><testcase classname="tests.framework.test_platform_runtime" name="test_failures_are_classified_and_the_run_results_are_written" time="0.572" /><testcase classname="tests.framework.test_platform_runtime" name="test_product_runs_write_the_bdd_report_set" time="2.840" /><testcase classname="tests.framework.test_platform_runtime" name="test_framework_runs_report_separately_and_never_touch_product_channels" time="0.230" /><testcase classname="tests.framework.test_platform_runtime" name="test_only_environment_failures_are_retried" time="0.286" /><testcase classname="tests.framework.test_platform_runtime" name="test_a_pass_on_retry_is_reported_as_flaky_in_every_report" time="0.441" /><testcase classname="tests.framework.test_platform_runtime" name="test_evidence_is_captured_from_the_driver_on_failure" time="0.342" /><testcase classname="tests.framework.test_platform_runtime" name="test_teams_can_opt_in_to_retrying_product_failures" time="0.496" /><testcase classname="tests.framework.test_platform_runtime" name="test_teams_add_their_own_result_channels_through_the_hook" time="0.261" /><testcase classname="tests.framework.test_plugin" name="test_header_shows_platform_and_layers" time="0.236" /><testcase classname="tests.framework.test_plugin" name="test_settings_fixture_and_cli_overrides" time="0.307" /><testcase classname="tests.framework.test_plugin" name="test_bad_configuration_fails_fast_with_guidance" time="0.136" /><testcase classname="tests.framework.test_plugin" name="test_markers_are_registered_strictly" time="0.298" /><testcase classname="tests.framework.test_results" name="test_run_results_round_trip_through_json" time="0.021" /><testcase classname="tests.framework.test_results" name="test_shard_results_merge_into_one_run" time="0.046" /><testcase classname="tests.framework.test_results" name="test_safe_name_is_filesystem_friendly_and_unique" time="0.001" /><testcase classname="tests.framework.test_screenplay_core" name="test_ability_is_chosen_by_platform_family" time="0.011" /><testcase classname="tests.framework.test_screenplay_core" name="test_actor_performs_tasks_in_order_and_answers_questions" time="0.004" /><testcase classname="tests.framework.test_screenplay_core" name="test_capability_requirements_are_checked_before_performing" time="0.006" /><testcase classname="tests.framework.test_screenplay_core" name="test_missing_ability_is_a_clear_authoring_error" time="0.001" /><testcase classname="tests.framework.test_screenplay_core" name="test_personas_load_from_reference_data_and_fail_fast_without_a_password" time="0.005" /><testcase classname="tests.framework.test_screenplay_core" name="test_personas_resolve_passwords_from_settings" time="0.005" /><testcase classname="tests.framework.test_screenplay_core" name="test_product_catalogue_is_the_oracle_for_the_inventory" time="0.003" /><testcase classname="tests.framework.test_tms_and_stores" name="test_results_map_to_one_tms_result_per_linked_case" time="0.001" /><testcase classname="tests.framework.test_tms_and_stores" name="test_in_memory_tms_round_trip_and_plan_resolution" time="0.004" /><testcase classname="tests.framework.test_tms_and_stores" name="test_null_tms_and_adapter_selection" time="0.009" /><testcase classname="tests.framework.test_tms_and_stores" name="test_xray_and_codebeamer_payloads_carry_the_execution_identity" time="0.001" /><testcase classname="tests.framework.test_tms_and_stores" name="test_channel_failures_are_reported_not_raised" time="0.008" /><testcase classname="tests.framework.test_tms_and_stores" name="test_local_store_and_artifact_capture" time="0.019" /><testcase classname="tests.framework.test_tms_and_stores" name="test_remote_store_stubs_fail_with_guidance" time="0.010" /><testcase classname="tests.framework.test_ui_values" name="test_parse_money[$29.99-expected0]" time="0.001" /><testcase classname="tests.framework.test_ui_values" name="test_parse_money[Item total: $39.98-expected1]" time="0.001" /><testcase classname="tests.framework.test_ui_values" name="test_parse_money[Total: $1,043.19-expected2]" time="0.001" /><testcase classname="tests.framework.test_ui_values" name="test_parse_money[Tax: $ 2.40-expected3]" time="0.001" /><testcase classname="tests.framework.test_ui_values" name="test_parse_money_rejects_text_without_an_amount" time="0.001" /><testcase classname="tests.framework.test_ui_values" name="test_slug_matches_the_product_ids_the_ui_uses[Sauce Labs Backpack-sauce-labs-backpack]" time="0.001" /><testcase classname="tests.framework.test_ui_values" name="test_slug_matches_the_product_ids_the_ui_uses[Sauce Labs Bolt T-Shirt-sauce-labs-bolt-t-shirt]" time="0.001" /><testcase classname="tests.framework.test_ui_values" name="test_slug_matches_the_product_ids_the_ui_uses[Test.allTheThings() T-Shirt (Red)-test.allthethings()-t-shirt-(red)]" time="0.001" /><testcase classname="tests.framework.test_ui_values" name="test_sort_order_round_trips_through_its_label" time="0.001" /><testcase classname="tests.framework.test_ui_values" name="test_xpath_string_quotes_safely[Backpack-'Backpack']" time="0.001" /><testcase classname="tests.framework.test_ui_values" name="test_xpath_string_quotes_safely[O'Neil-&quot;O'Neil&quot;]" time="0.001" /><testcase classname="tests.framework.test_ui_values" name="test_xpath_string_quotes_safely[say &quot;hi&quot; y'all-concat('say &quot;hi&quot; y', &quot;'&quot;, 'all')]" time="0.001" /><testcase classname="tests.framework.test_waits" name="test_returns_the_first_truthy_value" time="0.032" /><testcase classname="tests.framework.test_waits" name="test_times_out_with_message_and_last_error" time="0.116" /><testcase classname="tests.framework.test_waits" name="test_unexpected_exceptions_propagate_immediately" time="0.001" /><testcase classname="tests.framework.test_waits" name="test_waiter_binds_configured_timeouts" time="0.603" /></testsuite></testsuites>