<?xml version="1.0" encoding="utf-8"?><testsuites name="pytest tests"><testsuite name="pytest" errors="0" failures="0" skipped="1" tests="31" time="163.187" timestamp="2026-08-23T21:30:54.414289+02:00" hostname="SBASAVANAP3-NB"><testcase classname="tests.steps.test_cart" name="test_the_cart_lists_each_product_with_its_details" time="6.158" /><testcase classname="tests.steps.test_cart" name="test_a_product_can_be_removed_from_the_cart" time="5.396" /><testcase classname="tests.steps.test_cart" name="test_the_customer_can_go_back_to_shopping" time="5.180" /><testcase classname="tests.steps.test_cart" name="test_the_customer_can_proceed_to_checkout" time="5.115" /><testcase classname="tests.steps.test_checkout" name="test_every_shipping_field_is_required[-Lovelace-SW1A 1AA-First Name is required]" time="5.439" /><testcase classname="tests.steps.test_checkout" name="test_every_shipping_field_is_required[Ada--SW1A 1AA-Last Name is required]" time="5.378" /><testcase classname="tests.steps.test_checkout" name="test_every_shipping_field_is_required[Ada-Lovelace--Postal Code is required]" time="5.312" /><testcase classname="tests.steps.test_checkout" name="test_the_order_overview_reconciles_the_totals" time="6.045" /><testcase classname="tests.steps.test_checkout" name="test_a_completed_order_is_confirmed" time="5.660" /><testcase classname="tests.steps.test_checkout" name="test_checkout_can_be_cancelled_back_to_the_cart" time="5.169" /><testcase classname="tests.steps.test_inventory" name="test_the_catalogue_shows_every_product_with_its_details" time="6.425" /><testcase classname="tests.steps.test_inventory" name="test_the_products_can_be_sorted[Name (A to Z)-name-ascending]" time="5.806" /><testcase classname="tests.steps.test_inventory" name="test_the_products_can_be_sorted[Name (Z to A)-name-descending]" time="5.348" /><testcase classname="tests.steps.test_inventory" name="test_the_products_can_be_sorted[Price (low to high)-price-ascending]" time="5.562" /><testcase classname="tests.steps.test_inventory" name="test_the_products_can_be_sorted[Price (high to low)-price-descending]" time="5.461" /><testcase classname="tests.steps.test_inventory" name="test_adding_a_product_updates_the_cart_badge" time="5.127" /><testcase classname="tests.steps.test_inventory" name="test_a_product_can_be_removed_again_from_the_catalogue" time="5.086" /><testcase classname="tests.steps.test_inventory" name="test_the_cart_keeps_its_contents_while_the_customer_keeps_browsing" time="5.225" /><testcase classname="tests.steps.test_login" name="test_a_customer_with_valid_credentials_reaches_the_products" time="4.697" /><testcase classname="tests.steps.test_login" name="test_wrong_credentials_are_refused" time="4.908" /><testcase classname="tests.steps.test_login" name="test_a_lockedout_account_is_refused_with_a_specific_message" time="4.830" /><testcase classname="tests.steps.test_login" name="test_missing_credentials_are_reported[-anything-Username is required]" time="4.682" /><testcase classname="tests.steps.test_login" name="test_missing_credentials_are_reported[standard_user--Password is required]" time="5.413" /><testcase classname="tests.steps.test_login" name="test_every_active_account_type_can_sign_in[standard]" time="4.915" /><testcase classname="tests.steps.test_login" name="test_every_active_account_type_can_sign_in[problem]" time="4.787" /><testcase classname="tests.steps.test_login" name="test_every_active_account_type_can_sign_in[error]" time="4.705" /><testcase classname="tests.steps.test_login" name="test_every_active_account_type_can_sign_in[visual]" time="4.835" /><testcase classname="tests.steps.test_login" name="test_an_account_with_slow_responses_can_still_sign_in" time="10.007" /><testcase classname="tests.steps.test_platform_divergence" name="test_signing_in_by_pressing_enter_on_a_physical_keyboard" time="4.726" /><testcase classname="tests.steps.test_platform_divergence" name="test_swiping_through_the_catalogue_on_a_touch_screen" time="0.001"><skipped type="pytest.skip" message="platform 'web' lacks capability: swipe">C:\Users\SBasavanapura\PROJECTS\personal\qa-architect-assignment\qa-architect-assignment\.venv\Lib\site-packages\pytest_bdd\scenario.py:296: platform 'web' lacks capability: swipe</skipped></testcase><testcase classname="tests.steps.test_purchase_journey" name="test_a_customer_buys_a_backpack_end_to_end" time="5.497" /></testsuite></testsuites>